<?xml version="1.0" encoding="UTF-8"?>
<!-- Generated by org.testng.reporters.JUnitXMLReporter -->
<testsuite hostname="DESKTOP-3689HFM" ignored="0" name="Command line test" tests="1" failures="1" timestamp="24 Sep 2023 05:54:39 GMT" time="23.106" errors="0">
  <testcase name="testcase" time="0.32" classname="Testcases.signupPageTestCase">
    <failure type="org.openqa.selenium.ElementClickInterceptedException" message="Element &amp;lt;a href=&amp;quot;/product_details/2&amp;quot;&amp;gt; is not clickable at point (921,711) because another element &amp;lt;iframe id=&amp;quot;aswift_5&amp;quot; name=&amp;quot;aswift_5&amp;quot; src=&amp;quot;https://googleads.g.doubleclick.net/pagead/html/r20230920/r20110914/zrt_lookup.html?fsb=1#RS-1-&amp;amp;adk=1812271801&amp;amp;client=ca-pub-1677597403311019&amp;amp;fa=1&amp;amp;ifi=6&amp;amp;uci=a!6&amp;amp;btvi=2&amp;amp;xpc=vU62HcttBq&amp;amp;p=https%3A//automationexercise.com&amp;quot;&amp;gt; obscures it
Build info: version: &amp;apos;4.10.0&amp;apos;, revision: &amp;apos;c14d967899&amp;apos;
System info: os.name: &amp;apos;Windows 10&amp;apos;, os.arch: &amp;apos;amd64&amp;apos;, os.version: &amp;apos;10.0&amp;apos;, java.version: &amp;apos;1.8.0_202&amp;apos;
Driver info: org.openqa.selenium.firefox.FirefoxDriver
Command: [1bb3239f-bf0a-4c01-ad0c-9636fee063dd, clickElement {id=908645c6-47be-46a4-bb13-eccc51193758}]
Capabilities {acceptInsecureCerts: true, browserName: firefox, browserVersion: 117.0.1, moz:accessibilityChecks: false, moz:buildID: 20230912013654, moz:debuggerAddress: 127.0.0.1:21918, moz:geckodriverVersion: 0.33.0, moz:headless: false, moz:platformVersion: 10.0, moz:processID: 20708, moz:profile: C:\Users\Kumar\AppData\Loca..., moz:shutdownTimeout: 60000, moz:webdriverClick: true, moz:windowless: false, pageLoadStrategy: normal, platformName: windows, proxy: Proxy(), se:cdp: ws://127.0.0.1:21918/devtoo..., se:cdpVersion: 85.0, setWindowRect: true, strictFileInteractability: false, timeouts: {implicit: 0, pageLoad: 300000, script: 30000}, unhandledPromptBehavior: dismiss and notify}
Element: [[FirefoxDriver: firefox on windows (1bb3239f-bf0a-4c01-ad0c-9636fee063dd)] -&amp;gt; xpath: //a[@href=&amp;apos;/product_details/2&amp;apos;]]
Session ID: 1bb3239f-bf0a-4c01-ad0c-9636fee063dd">
      <![CDATA[org.openqa.selenium.ElementClickInterceptedException: Element <a href="/product_details/2"> is not clickable at point (921,711) because another element <iframe id="aswift_5" name="aswift_5" src="https://googleads.g.doubleclick.net/pagead/html/r20230920/r20110914/zrt_lookup.html?fsb=1#RS-1-&adk=1812271801&client=ca-pub-1677597403311019&fa=1&ifi=6&uci=a!6&btvi=2&xpc=vU62HcttBq&p=https%3A//automationexercise.com"> obscures it
Build info: version: '4.10.0', revision: 'c14d967899'
System info: os.name: 'Windows 10', os.arch: 'amd64', os.version: '10.0', java.version: '1.8.0_202'
Driver info: org.openqa.selenium.firefox.FirefoxDriver
Command: [1bb3239f-bf0a-4c01-ad0c-9636fee063dd, clickElement {id=908645c6-47be-46a4-bb13-eccc51193758}]
Capabilities {acceptInsecureCerts: true, browserName: firefox, browserVersion: 117.0.1, moz:accessibilityChecks: false, moz:buildID: 20230912013654, moz:debuggerAddress: 127.0.0.1:21918, moz:geckodriverVersion: 0.33.0, moz:headless: false, moz:platformVersion: 10.0, moz:processID: 20708, moz:profile: C:\Users\Kumar\AppData\Loca..., moz:shutdownTimeout: 60000, moz:webdriverClick: true, moz:windowless: false, pageLoadStrategy: normal, platformName: windows, proxy: Proxy(), se:cdp: ws://127.0.0.1:21918/devtoo..., se:cdpVersion: 85.0, setWindowRect: true, strictFileInteractability: false, timeouts: {implicit: 0, pageLoad: 300000, script: 30000}, unhandledPromptBehavior: dismiss and notify}
Element: [[FirefoxDriver: firefox on windows (1bb3239f-bf0a-4c01-ad0c-9636fee063dd)] -> xpath: //a[@href='/product_details/2']]
Session ID: 1bb3239f-bf0a-4c01-ad0c-9636fee063dd
at org.openqa.selenium.remote.codec.w3c.W3CHttpResponseCodec.createException(W3CHttpResponseCodec.java:199)
at org.openqa.selenium.remote.codec.w3c.W3CHttpResponseCodec.decode(W3CHttpResponseCodec.java:132)
at org.openqa.selenium.remote.codec.w3c.W3CHttpResponseCodec.decode(W3CHttpResponseCodec.java:51)
at org.openqa.selenium.remote.HttpCommandExecutor.execute(HttpCommandExecutor.java:191)
at org.openqa.selenium.remote.service.DriverCommandExecutor.invokeExecute(DriverCommandExecutor.java:196)
at org.openqa.selenium.remote.service.DriverCommandExecutor.execute(DriverCommandExecutor.java:171)
at org.openqa.selenium.remote.RemoteWebDriver.execute(RemoteWebDriver.java:531)
at org.openqa.selenium.remote.RemoteWebElement.execute(RemoteWebElement.java:242)
at org.openqa.selenium.remote.RemoteWebElement.click(RemoteWebElement.java:77)
at Pages.homepage_page.click_view_product_btn(homepage_page.java:51)
at Testcases.signupPageTestCase.testcase(signupPageTestCase.java:54)
... Removed 38 stack frames]]>
    </failure>
  </testcase> <!-- testcase -->
</testsuite> <!-- Command line test -->
